<?xml version="1.0" encoding="UTF-8"?>
<!-- Generated by org.testng.reporters.JUnitReportReporter -->
<testsuite skipped="0" hostname="TRVLHGN9NN2" name="tablehandle.pckg.UserResult" tests="2" failures="0" timestamp="2021-09-15T17:37:25 IST" time="6.673" errors="0">
  <testcase name="login" time="6.373" classname="tablehandle.pckg.UserResult"/>
  <system-out/>
  <testcase name="verifyTableData" time="0.300" classname="tablehandle.pckg.UserResult"/>
  <system-out/>
</testsuite> <!-- tablehandle.pckg.UserResult -->
