<?xml version="1.0" encoding="UTF-8"?>
<!-- Generated by org.testng.reporters.JUnitReportReporter -->
<testsuite hostname="TRVLHGN9NN2" failures="0" tests="1" name="tablehandle.pckg.TableHandler" time="52.126" errors="0" timestamp="2021-08-29T18:22:15 IST" skipped="0">
  <testcase classname="tablehandle.pckg.TableHandler" name="verifyTableData" time="52.126"/>
  <system-out/>
</testsuite> <!-- tablehandle.pckg.TableHandler -->
