<?xml version="1.0" encoding="UTF-8"?>
<!-- Generated by org.testng.reporters.JUnitReportReporter -->
<testsuite skipped="0" hostname="TRVLHGN9NN2" name="testngclass.pckg.DemoNewTest" tests="1" failures="0" timestamp="2021-09-18T16:13:04 IST" time="16.611" errors="0">
  <testcase name="f" time="16.611" classname="testngclass.pckg.DemoNewTest"/>
  <system-out/>
</testsuite> <!-- testngclass.pckg.DemoNewTest -->
