<?xml version="1.0" encoding="UTF-8"?>
<!-- Generated by org.testng.reporters.JUnitReportReporter -->
<testsuite skipped="0" hostname="TRVLHGN9NN2" name="assignmentng.pkg.Question17_Scoll" tests="1" failures="0" timestamp="2021-09-07T08:28:19 IST" time="3.585" errors="0">
  <testcase name="verifyScrollUp" time="3.585" classname="assignmentng.pkg.Question17_Scoll"/>
  <system-out/>
</testsuite> <!-- assignmentng.pkg.Question17_Scoll -->
