<?xml version="1.0" encoding="UTF-8"?>
<!-- Generated by org.testng.reporters.JUnitReportReporter -->
<testsuite skipped="0" hostname="TRVLHGN9NN2" name="testngclass.pckg.SoftAssert1" tests="3" failures="0" timestamp="2021-08-06T07:52:14 IST" time="2.966" errors="0">
  <testcase name="verifyLogin" time="1.731" classname="testngclass.pckg.SoftAssert1"/>
  <system-out/>
  <testcase name="verifyDropdown" time="1.113" classname="testngclass.pckg.SoftAssert1"/>
  <system-out/>
  <testcase name="verifyRadioButton" time="0.122" classname="testngclass.pckg.SoftAssert1"/>
  <system-out/>
</testsuite> <!-- testngclass.pckg.SoftAssert1 -->
