<?xml version="1.0" encoding="UTF-8"?>
<!-- Generated by org.testng.reporters.JUnitReportReporter -->
<testsuite skipped="0" hostname="TRVLHGN9NN2" name="exceltutorial.ExcelDataReadNG" tests="2" failures="0" timestamp="2021-09-01T00:45:14 IST" time="8.837" errors="0">
  <testcase name="mercuryLogin" time="2.789" classname="exceltutorial.ExcelDataReadNG"/>
  <system-out/>
  <testcase name="mercuryLogin" time="6.048" classname="exceltutorial.ExcelDataReadNG"/>
  <system-out/>
</testsuite> <!-- exceltutorial.ExcelDataReadNG -->
