<?xml version="1.0" encoding="UTF-8"?>
<!-- Generated by org.testng.reporters.JUnitReportReporter -->
<testsuite skipped="0" hostname="TRVLHGN9NN2" name="tableconcept.pkg.TableConceptDemo" tests="1" failures="0" timestamp="2021-09-02T00:19:03 IST" time="27.587" errors="0">
  <testcase name="tableScenario" time="27.587" classname="tableconcept.pkg.TableConceptDemo"/>
  <system-out/>
</testsuite> <!-- tableconcept.pkg.TableConceptDemo -->
