<?xml version="1.0" encoding="UTF-8"?>
<!-- Generated by org.testng.reporters.JUnitReportReporter -->
<testsuite skipped="0" hostname="TRVLHGN9NN2" name="testngclass.pckg.TestngDemoTest1" tests="3" failures="0" timestamp="2021-08-04T08:54:45 IST" time="0.012" errors="0">
  <testcase name="testOne" time="0.002" classname="testngclass.pckg.TestngDemoTest1"/>
  <system-out/>
  <testcase name="testTwo" time="0.003" classname="testngclass.pckg.TestngDemoTest1"/>
  <system-out/>
  <testcase name="f" time="0.007" classname="testngclass.pckg.TestngDemoTest1"/>
  <system-out/>
</testsuite> <!-- testngclass.pckg.TestngDemoTest1 -->
