<?xml version="1.0" encoding="UTF-8"?>
<!-- Generated by org.testng.reporters.JUnitReportReporter -->
<testsuite hostname="TRVLHGN9NN2" failures="0" tests="1" name="assignmentng.pkg.Question10" time="1.569" errors="0" timestamp="2021-08-29T20:26:24 IST" skipped="0">
  <testcase classname="assignmentng.pkg.Question10" name="homePageFields" time="1.569"/>
  <system-out/>
</testsuite> <!-- assignmentng.pkg.Question10 -->
