<?xml version="1.0" encoding="UTF-8"?>
<!-- Generated by org.testng.reporters.JUnitReportReporter -->
<testsuite skipped="0" hostname="TRVLHGN9NN2" name="testngclass.pckg.XpathTypes" tests="1" failures="0" timestamp="2021-08-06T12:06:23 IST" time="2.817" errors="0">
  <testcase name="xpathDemo" time="2.817" classname="testngclass.pckg.XpathTypes"/>
  <system-out/>
</testsuite> <!-- testngclass.pckg.XpathTypes -->
