<?xml version="1.0" encoding="UTF-8"?>
<!-- Generated by org.testng.reporters.JUnitReportReporter -->
<testsuite hostname="TRVLHGN9NN2" failures="0" tests="2" name="assignmentng.pkg.Question18" time="0.009" errors="0" timestamp="2021-08-29T22:30:02 IST" skipped="0">
  <testcase classname="assignmentng.pkg.Question18" name="crossBrowser" time="0.002"/>
  <system-out/>
  <testcase classname="assignmentng.pkg.Question18" name="crossBrowser" time="0.007"/>
  <system-out/>
</testsuite> <!-- assignmentng.pkg.Question18 -->
