<?xml version="1.0" encoding="UTF-8"?>
<!-- Generated by org.testng.reporters.JUnitReportReporter -->
<testsuite hostname="TRVLHGN9NN2" failures="0" tests="1" name="assignmentng.pkg.Question9User2" time="8.928" errors="0" timestamp="2021-08-29T21:44:47 IST" skipped="0">
  <testcase classname="assignmentng.pkg.Question9User2" name="verifyUser2Login" time="8.928"/>
  <system-out/>
</testsuite> <!-- assignmentng.pkg.Question9User2 -->
