<?xml version="1.0" encoding="UTF-8"?>
<!-- Generated by org.testng.reporters.JUnitReportReporter -->
<testsuite skipped="0" hostname="TRVLHGN9NN2" name="testngclass.pckg.TabOpen" tests="1" failures="0" timestamp="2021-08-11T09:13:39 IST" time="12.625" errors="0">
  <testcase name="verifyWindowOpen" time="12.625" classname="testngclass.pckg.TabOpen"/>
  <system-out/>
</testsuite> <!-- testngclass.pckg.TabOpen -->
