<?xml version="1.0" encoding="UTF-8"?>
<!-- Generated by org.testng.reporters.JUnitReportReporter -->
<testsuite hostname="TRVLHGN9NN2" failures="0" tests="1" name="testngclass.pckg.FaileScreenshot" time="0.169" errors="0" timestamp="2021-08-22T16:45:47 IST" skipped="0">
  <testcase classname="testngclass.pckg.FaileScreenshot" name="f" time="0.169"/>
  <system-out/>
</testsuite> <!-- testngclass.pckg.FaileScreenshot -->
