<?xml version="1.0" encoding="UTF-8"?>
<!-- Generated by org.testng.reporters.JUnitReportReporter -->
<testsuite hostname="TRVLHGN9NN2" failures="0" tests="2" name="assignmentng.pkg.Question12Upload" time="0.037" errors="0" timestamp="2021-08-26T08:58:18 IST" skipped="1">
  <testcase classname="assignmentng.pkg.Question12Upload" name="downloadFile" time="0.037"/>
  <system-out/>
  <testcase classname="assignmentng.pkg.Question12Upload" name="uploadFile">
    <skipped/>
  </testcase> <!-- uploadFile -->
  <system-out/>
</testsuite> <!-- assignmentng.pkg.Question12Upload -->
