<?xml version="1.0" encoding="UTF-8"?>
<!-- Generated by org.testng.reporters.JUnitReportReporter -->
<testsuite hostname="TRVLHGN9NN2" failures="0" tests="1" name="downloadfile.pckg.DownloadFileDemo" time="0.063" errors="0" timestamp="2021-08-29T17:58:55 IST" skipped="0">
  <testcase classname="downloadfile.pckg.DownloadFileDemo" name="verifyDownloadFile" time="0.063"/>
  <system-out/>
</testsuite> <!-- downloadfile.pckg.DownloadFileDemo -->
