<?xml version="1.0" encoding="UTF-8"?>
<!-- Generated by org.testng.reporters.JUnitReportReporter -->
<testsuite skipped="0" hostname="TRVLHGN9NN2" name="testngclass.pckg.ParallelBrowserTesting" tests="1" failures="0" timestamp="2021-08-14T00:16:50 IST" time="0.002" errors="0">
  <testcase name="f" time="0.002" classname="testngclass.pckg.ParallelBrowserTesting"/>
  <system-out/>
</testsuite> <!-- testngclass.pckg.ParallelBrowserTesting -->
