<?xml version="1.0" encoding="UTF-8"?>
<!-- Generated by org.testng.reporters.JUnitReportReporter -->
<testsuite hostname="TRVLHGN9NN2" failures="0" tests="2" name="assignmentng.pkg.Question9" time="0.292" errors="0" timestamp="2021-08-29T19:33:49 IST" skipped="0">
  <testcase classname="assignmentng.pkg.Question9" name="verifyUser1Login" time="0.153"/>
  <system-out/>
  <testcase classname="assignmentng.pkg.Question9" name="verifyUser1Login" time="0.139"/>
  <system-out/>
</testsuite> <!-- assignmentng.pkg.Question9 -->
