<?xml version="1.0" encoding="UTF-8"?>
<!-- Generated by org.testng.reporters.JUnitReportReporter -->
<testsuite hostname="TRVLHGN9NN2" failures="0" tests="1" name="assignmentng.pkg.Question11" time="6.279" errors="0" timestamp="2021-08-29T20:50:50 IST" skipped="0">
  <testcase classname="assignmentng.pkg.Question11" name="verifyMultipleActions" time="6.279"/>
  <system-out/>
</testsuite> <!-- assignmentng.pkg.Question11 -->
