<?xml version="1.0" encoding="UTF-8"?>
<!-- Generated by org.testng.reporters.JUnitReportReporter -->
<testsuite skipped="0" hostname="TRVLHGN9NN2" name="assignmentng.pkg.XclRead" tests="1" failures="0" timestamp="2021-08-08T21:25:52 IST" time="0.619" errors="0">
  <testcase name="verifyTitle" time="0.619" classname="assignmentng.pkg.XclRead"/>
  <system-out/>
</testsuite> <!-- assignmentng.pkg.XclRead -->
