<?xml version="1.0" encoding="UTF-8"?>
<!-- Generated by org.testng.reporters.JUnitReportReporter -->
<testsuite hostname="TRVLHGN9NN2" failures="0" tests="1" name="assignmentng.pkg.Question15" time="0.213" errors="0" timestamp="2021-08-29T21:00:48 IST" skipped="0">
  <testcase classname="assignmentng.pkg.Question15" name="handleAlerts" time="0.213"/>
  <system-out/>
</testsuite> <!-- assignmentng.pkg.Question15 -->
