<?xml version="1.0" encoding="UTF-8"?>
<!-- Generated by org.testng.reporters.JUnitReportReporter -->
<testsuite skipped="0" hostname="TRVLHGN9NN2" name="assignmentng.pkg.Question4" tests="3" failures="0" timestamp="2021-08-07T21:35:51 IST" time="0.025" errors="0">
  <testcase name="verifyTitle" time="0.013" classname="assignmentng.pkg.Question4"/>
  <system-out/>
  <testcase name="verifyCurrentUrl1" time="0.010" classname="assignmentng.pkg.Question4"/>
  <system-out/>
  <testcase name="verifyNullValue" time="0.002" classname="assignmentng.pkg.Question4"/>
  <system-out/>
</testsuite> <!-- assignmentng.pkg.Question4 -->
