<?xml version="1.0" encoding="UTF-8"?>
<!-- Generated by org.testng.reporters.JUnitReportReporter -->
<testsuite hostname="TRVLHGN9NN2" failures="0" tests="1" name="assignmentng.pkg.Question14_TabOpen" time="5.517" errors="0" timestamp="2021-08-26T08:53:20 IST" skipped="0">
  <testcase classname="assignmentng.pkg.Question14_TabOpen" name="tableOpenDemo" time="5.517"/>
  <system-out/>
</testsuite> <!-- assignmentng.pkg.Question14_TabOpen -->
