<?xml version="1.0" encoding="UTF-8"?>
<!-- Generated by org.testng.reporters.JUnitReportReporter -->
<testsuite skipped="0" hostname="TRVLHGN9NN2" name="exceltutorial.ParallelTesting" tests="1" failures="0" timestamp="2021-09-21T01:28:32 IST" time="0.007" errors="0">
  <testcase name="f" time="0.007" classname="exceltutorial.ParallelTesting"/>
  <system-out/>
</testsuite> <!-- exceltutorial.ParallelTesting -->
