<?xml version="1.0" encoding="UTF-8"?>
<!-- Generated by org.testng.reporters.JUnitReportReporter -->
<testsuite skipped="0" hostname="TRVLHGN9NN2" name="testngclass.pckg.Parameterisation" tests="1" failures="0" timestamp="2021-08-12T08:33:07 IST" time="1.164" errors="0">
  <testcase name="verifyParameterLogin" time="1.164" classname="testngclass.pckg.Parameterisation"/>
  <system-out/>
</testsuite> <!-- testngclass.pckg.Parameterisation -->
