<?xml version="1.0" encoding="UTF-8"?>
<!-- Generated by org.testng.reporters.JUnitReportReporter -->
<testsuite skipped="0" hostname="TRVLHGN9NN2" name="ngtutorial.pckge.TestngPart1" tests="1" failures="0" timestamp="2021-08-05T23:06:18 IST" time="0.003" errors="0">
  <testcase name="f" time="0.003" classname="ngtutorial.pckge.TestngPart1"/>
  <system-out/>
</testsuite> <!-- ngtutorial.pckge.TestngPart1 -->
