<?xml version="1.0" encoding="UTF-8"?>
<!-- Generated by org.testng.reporters.JUnitReportReporter -->
<testsuite skipped="0" hostname="TRVLHGN9NN2" name="ngtutorial.pckge.AdditionParameter" tests="1" failures="0" timestamp="2021-08-14T23:22:16 IST" time="0.008" errors="0">
  <testcase name="verifyAddition" time="0.008" classname="ngtutorial.pckge.AdditionParameter"/>
  <system-out/>
</testsuite> <!-- ngtutorial.pckge.AdditionParameter -->
