<?xml version="1.0" encoding="UTF-8"?>
<!-- Generated by org.testng.reporters.JUnitReportReporter -->
<testsuite skipped="0" hostname="TRVLHGN9NN2" name="ngtutorial.pckge.DataProviderHero" tests="2" failures="0" timestamp="2021-08-15T15:04:27 IST" time="2.781" errors="0">
  <testcase name="verifyLogin" time="1.521" classname="ngtutorial.pckge.DataProviderHero"/>
  <system-out/>
  <testcase name="verifyLogin" time="1.260" classname="ngtutorial.pckge.DataProviderHero"/>
  <system-out/>
</testsuite> <!-- ngtutorial.pckge.DataProviderHero -->
