<?xml version="1.0" encoding="UTF-8"?>
<!-- Generated by org.testng.reporters.JUnitReportReporter -->
<testsuite skipped="0" hostname="TRVLHGN9NN2" name="ngtutorial.pckge.DataProviderDemo1" tests="3" failures="0" timestamp="2021-08-14T23:40:06 IST" time="0.008" errors="0">
  <testcase name="verifyAddition" time="0.000" classname="ngtutorial.pckge.DataProviderDemo1"/>
  <system-out/>
  <testcase name="verifyAddition" time="0.001" classname="ngtutorial.pckge.DataProviderDemo1"/>
  <system-out/>
  <testcase name="verifyAddition" time="0.007" classname="ngtutorial.pckge.DataProviderDemo1"/>
  <system-out/>
</testsuite> <!-- ngtutorial.pckge.DataProviderDemo1 -->
