<?xml version="1.0" encoding="UTF-8"?>
<!-- Generated by org.testng.reporters.JUnitReportReporter -->
<testsuite hostname="TRVLHGN9NN2" failures="0" tests="2" name="ngtutorial.pckge.MercurtyLoginDP" time="3.621" errors="0" timestamp="2021-08-22T16:12:29 IST" skipped="0">
  <testcase classname="ngtutorial.pckge.MercurtyLoginDP" name="verifyLogin" time="1.252"/>
  <system-out/>
  <testcase classname="ngtutorial.pckge.MercurtyLoginDP" name="verifyLogin" time="2.369"/>
  <system-out/>
</testsuite> <!-- ngtutorial.pckge.MercurtyLoginDP -->
