<?xml version="1.0" encoding="UTF-8"?>
<!-- Generated by org.testng.reporters.JUnitReportReporter -->
<testsuite skipped="0" hostname="TRVLHGN9NN2" name="ngtutorial.pckge.ParameterizationAmazon" tests="3" failures="0" timestamp="2021-08-14T22:53:04 IST" time="0.016" errors="0">
  <testcase name="addToCart" time="0.007" classname="ngtutorial.pckge.ParameterizationAmazon"/>
  <system-out/>
  <testcase name="searchProduct" time="0.001" classname="ngtutorial.pckge.ParameterizationAmazon"/>
  <system-out/>
  <testcase name="searchProduct" time="0.008" classname="ngtutorial.pckge.ParameterizationAmazon"/>
  <system-out/>
</testsuite> <!-- ngtutorial.pckge.ParameterizationAmazon -->
