<?xml version="1.0" encoding="UTF-8"?>
<!-- Generated by org.testng.reporters.JUnitReportReporter -->
<testsuite skipped="0" hostname="TRVLHGN9NN2" name="ngtutorial.pckge.SingleDataProviderDemo" tests="5" failures="0" timestamp="2021-08-14T23:52:46 IST" time="0.010" errors="0">
  <testcase name="verifyAddition" time="0.001" classname="ngtutorial.pckge.SingleDataProviderDemo"/>
  <system-out/>
  <testcase name="verifyAddition" time="0.000" classname="ngtutorial.pckge.SingleDataProviderDemo"/>
  <system-out/>
  <testcase name="verifyLengthString" time="0.001" classname="ngtutorial.pckge.SingleDataProviderDemo"/>
  <system-out/>
  <testcase name="verifyLengthString" time="0.001" classname="ngtutorial.pckge.SingleDataProviderDemo"/>
  <system-out/>
  <testcase name="verifyAddition" time="0.007" classname="ngtutorial.pckge.SingleDataProviderDemo"/>
  <system-out/>
</testsuite> <!-- ngtutorial.pckge.SingleDataProviderDemo -->
