<?xml version="1.0" encoding="UTF-8"?>
<!-- Generated by org.testng.reporters.JUnitReportReporter -->
<testsuite skipped="2" hostname="TRVLHGN9NN2" name="ngtutorial.pckge.AssertTypes" tests="3" failures="0" timestamp="2021-08-08T21:14:17 IST" time="0.012" errors="0">
  <testcase name="verifyHardAssert" time="0.012" classname="ngtutorial.pckge.AssertTypes"/>
  <system-out/>
  <testcase name="verifyTitle" classname="ngtutorial.pckge.AssertTypes">
    <skipped/>
  </testcase> <!-- verifyTitle -->
  <system-out/>
  <testcase name="softASsert1" classname="ngtutorial.pckge.AssertTypes">
    <skipped/>
  </testcase> <!-- softASsert1 -->
  <system-out/>
</testsuite> <!-- ngtutorial.pckge.AssertTypes -->
