<?xml version="1.0" encoding="UTF-8"?>
<!-- Generated by org.testng.reporters.JUnitReportReporter -->
<testsuite skipped="0" hostname="TRVLHGN9NN2" name="ngtutorial.pckge.ParallelParameterization" tests="1" failures="0" timestamp="2021-08-13T23:26:22 IST" time="0.003" errors="0">
  <testcase name="f" time="0.003" classname="ngtutorial.pckge.ParallelParameterization"/>
  <system-out/>
</testsuite> <!-- ngtutorial.pckge.ParallelParameterization -->
