<?xml version="1.0" encoding="UTF-8"?>
<!-- Generated by org.testng.reporters.JUnitReportReporter -->
<testsuite skipped="0" hostname="TRVLHGN9NN2" name="ngtutorial.pckge.Parameterization1" tests="2" failures="0" timestamp="2021-08-13T08:57:45 IST" time="0.008" errors="0">
  <testcase name="f" time="0.005" classname="ngtutorial.pckge.Parameterization1"/>
  <system-out/>
  <testcase name="f" time="0.003" classname="ngtutorial.pckge.Parameterization1"/>
  <system-out/>
</testsuite> <!-- ngtutorial.pckge.Parameterization1 -->
