<?xml version="1.0" encoding="UTF-8"?>
<!-- Generated by org.testng.reporters.JUnitReportReporter -->
<testsuite skipped="0" hostname="TRVLHGN9NN2" name="com.mercury.qa.pagetestcases.PracticeFormTest" tests="1" failures="0" timestamp="2021-09-07T21:36:52 IST" time="1.048" errors="0">
  <testcase name="verifyPraticeFormTest" time="1.048" classname="com.mercury.qa.pagetestcases.PracticeFormTest"/>
  <system-out/>
</testsuite> <!-- com.mercury.qa.pagetestcases.PracticeFormTest -->
