<?xml version="1.0" encoding="UTF-8"?>
<!-- Generated by org.testng.reporters.JUnitReportReporter -->
<testsuite skipped="0" hostname="TRVLHGN9NN2" name="com.mercury.qa.pagetestcases.LoginPageTest" tests="1" failures="0" timestamp="2021-09-23T16:03:02 IST" time="13.660" errors="0">
  <testcase name="verifyLogin" time="13.660" classname="com.mercury.qa.pagetestcases.LoginPageTest"/>
  <system-out/>
</testsuite> <!-- com.mercury.qa.pagetestcases.LoginPageTest -->
