<?xml version="1.0" encoding="UTF-8"?>
<!-- Generated by org.testng.reporters.JUnitReportReporter -->
<testsuite skipped="0" hostname="TRVLHGN9NN2" name="com.mercury.pagetestcases.LoginPageTest" tests="4" failures="0" timestamp="2021-09-01T01:31:59 IST" time="10.369" errors="0">
  <testcase name="verifyLogin" time="2.594" classname="com.mercury.pagetestcases.LoginPageTest"/>
  <system-out/>
  <testcase name="verifyLogin" time="2.901" classname="com.mercury.pagetestcases.LoginPageTest"/>
  <system-out/>
  <testcase name="verifyLogin" time="2.654" classname="com.mercury.pagetestcases.LoginPageTest"/>
  <system-out/>
  <testcase name="verifyLogin" time="2.220" classname="com.mercury.pagetestcases.LoginPageTest"/>
  <system-out/>
</testsuite> <!-- com.mercury.pagetestcases.LoginPageTest -->
